INFO main IntellicusAutomation - Initiate driver.
INFO main IntellicusAutomation - str_BrowserType  CHROME
INFO main IntellicusAutomation - Initiate Chrome driver.
INFO main IntellicusAutomation - Suite initialized successfully.
INFO main IntellicusAutomation - Failed to Release object.
INFO main IntellicusAutomation - Initiate driver.
INFO main IntellicusAutomation - str_BrowserType  CHROME
INFO main IntellicusAutomation - Initiate Chrome driver.
INFO main IntellicusAutomation - Suite initialized successfully.
INFO main IntellicusAutomation - Failed to Release object.
INFO main IntellicusAutomation - Initiate driver.
INFO main IntellicusAutomation - str_BrowserType  CHROME
INFO main IntellicusAutomation - Initiate Chrome driver.
INFO main IntellicusAutomation - Suite initialized successfully.
INFO main IntellicusAutomation - Failed to Release object.
INFO main IntellicusAutomation - Initiate driver.
INFO main IntellicusAutomation - str_BrowserType  CHROME
INFO main IntellicusAutomation - Initiate Chrome driver.
INFO main IntellicusAutomation - Suite initialized successfully.
INFO main IntellicusAutomation - Failed to Release object.
INFO main IntellicusAutomation - Initiate driver.
INFO main IntellicusAutomation - str_BrowserType  CHROME
INFO main IntellicusAutomation - Initiate Chrome driver.
INFO main IntellicusAutomation - Suite initialized successfully.
INFO main IntellicusAutomation - Failed to Release object.
INFO main IntellicusAutomation - Initiate driver.
INFO main IntellicusAutomation - str_BrowserType  CHROME
INFO main IntellicusAutomation - Initiate Chrome driver.
INFO main IntellicusAutomation - Suite initialized successfully.
INFO main IntellicusAutomation - Failed to Release object.
INFO main IntellicusAutomation - Initiate driver.
INFO main IntellicusAutomation - str_BrowserType  CHROME
INFO main IntellicusAutomation - Initiate Chrome driver.
INFO main IntellicusAutomation - Suite initialized successfully.
INFO main IntellicusAutomation - Failed to Release object.
INFO main IntellicusAutomation - Initiate driver.
INFO main IntellicusAutomation - str_BrowserType  CHROME
INFO main IntellicusAutomation - Initiate Chrome driver.
INFO main IntellicusAutomation - Suite initialized successfully.
INFO main IntellicusAutomation - Failed to Release object.
INFO main IntellicusAutomation - Initiate driver.
INFO main IntellicusAutomation - str_BrowserType  CHROME
INFO main IntellicusAutomation - Initiate Chrome driver.
INFO main IntellicusAutomation - Suite initialized successfully.
INFO main IntellicusAutomation - Failed to Release object.
INFO main IntellicusAutomation - Initiate driver.
INFO main IntellicusAutomation - str_BrowserType  CHROME
INFO main IntellicusAutomation - Initiate Chrome driver.
INFO main IntellicusAutomation - Suite initialized successfully.
INFO main IntellicusAutomation - Failed to Release object.
INFO main IntellicusAutomation - Initiate driver.
INFO main IntellicusAutomation - str_BrowserType  CHROME
INFO main IntellicusAutomation - Initiate Chrome driver.
INFO main IntellicusAutomation - Suite initialized successfully.
INFO main IntellicusAutomation - Failed to Release object.
INFO main IntellicusAutomation - Initiate driver.
INFO main IntellicusAutomation - str_BrowserType  CHROME
INFO main IntellicusAutomation - Initiate Chrome driver.
INFO main IntellicusAutomation - Suite initialized successfully.
INFO main IntellicusAutomation - Failed to Release object.
INFO main IntellicusAutomation - Initiate driver.
INFO main IntellicusAutomation - str_BrowserType  CHROME
INFO main IntellicusAutomation - Initiate Chrome driver.
INFO main IntellicusAutomation - Suite initialized successfully.
INFO main IntellicusAutomation - Failed to Release object.
INFO main IntellicusAutomation - Initiate driver.
INFO main IntellicusAutomation - str_BrowserType  CHROME
INFO main IntellicusAutomation - Initiate Chrome driver.
INFO main IntellicusAutomation - Suite initialized successfully.
INFO main IntellicusAutomation - Initiate driver.
INFO main IntellicusAutomation - str_BrowserType  CHROME
INFO main IntellicusAutomation - Initiate Chrome driver.
INFO main IntellicusAutomation - Suite initialized successfully.
INFO main IntellicusAutomation - Failed to Release object.
INFO main IntellicusAutomation - Initiate driver.
INFO main IntellicusAutomation - str_BrowserType  CHROME
INFO main IntellicusAutomation - Initiate Chrome driver.
INFO main IntellicusAutomation - Suite initialized successfully.
INFO main IntellicusAutomation - Failed to Release object.
INFO main IntellicusAutomation - Initiate driver.
INFO main IntellicusAutomation - str_BrowserType  CHROME
INFO main IntellicusAutomation - Initiate Chrome driver.
INFO main IntellicusAutomation - Suite initialized successfully.
INFO main IntellicusAutomation - Failed to Release object.
INFO main IntellicusAutomation - Initiate driver.
INFO main IntellicusAutomation - str_BrowserType  CHROME
INFO main IntellicusAutomation - Initiate Chrome driver.
INFO main IntellicusAutomation - Suite initialized successfully.
INFO main IntellicusAutomation - Failed to Release object.
INFO main IntellicusAutomation - Initiate driver.
INFO main IntellicusAutomation - str_BrowserType  CHROME
INFO main IntellicusAutomation - Initiate Chrome driver.
INFO main IntellicusAutomation - Suite initialized successfully.
INFO main IntellicusAutomation - Failed to Release object.
INFO main IntellicusAutomation - Initiate driver.
INFO main IntellicusAutomation - str_BrowserType  CHROME
INFO main IntellicusAutomation - Initiate Chrome driver.
INFO main IntellicusAutomation - Suite initialized successfully.
INFO main IntellicusAutomation - Failed to Release object.
INFO main IntellicusAutomation - Initiate driver.
INFO main IntellicusAutomation - str_BrowserType  CHROME
INFO main IntellicusAutomation - Initiate Chrome driver.
INFO main IntellicusAutomation - Suite initialized successfully.
INFO main IntellicusAutomation - Failed to Release object.
INFO main IntellicusAutomation - Initiate driver.
INFO main IntellicusAutomation - str_BrowserType  CHROME
INFO main IntellicusAutomation - Initiate Chrome driver.
INFO main IntellicusAutomation - Suite initialized successfully.
INFO main IntellicusAutomation - Failed to Release object.
INFO main IntellicusAutomation - Initiate driver.
INFO main IntellicusAutomation - str_BrowserType  CHROME
INFO main IntellicusAutomation - Initiate Chrome driver.
INFO main IntellicusAutomation - Suite initialized successfully.
INFO main IntellicusAutomation - Failed to Release object.
INFO main IntellicusAutomation - Initiate driver.
INFO main IntellicusAutomation - str_BrowserType  CHROME
INFO main IntellicusAutomation - Initiate Chrome driver.
INFO main IntellicusAutomation - Suite initialized successfully.
INFO main IntellicusAutomation - Failed to Release object.
INFO main IntellicusAutomation - Initiate driver.
INFO main IntellicusAutomation - str_BrowserType  CHROME
INFO main IntellicusAutomation - Initiate Chrome driver.
INFO main IntellicusAutomation - Suite initialized successfully.
INFO main IntellicusAutomation - Failed to Release object.
INFO main IntellicusAutomation - Initiate driver.
INFO main IntellicusAutomation - str_BrowserType  CHROME
INFO main IntellicusAutomation - Initiate Chrome driver.
INFO main IntellicusAutomation - Suite initialized successfully.
INFO main IntellicusAutomation - Failed to Release object.
INFO main IntellicusAutomation - Initiate driver.
INFO main IntellicusAutomation - str_BrowserType  CHROME
INFO main IntellicusAutomation - Initiate Chrome driver.
INFO main IntellicusAutomation - Suite initialized successfully.
INFO main IntellicusAutomation - Failed to Release object.
INFO main IntellicusAutomation - Initiate driver.
INFO main IntellicusAutomation - str_BrowserType  CHROME
INFO main IntellicusAutomation - Initiate Chrome driver.
INFO main IntellicusAutomation - Suite initialized successfully.
INFO main IntellicusAutomation - Failed to Release object.
INFO main IntellicusAutomation - Initiate driver.
INFO main IntellicusAutomation - str_BrowserType  CHROME
INFO main IntellicusAutomation - Initiate Chrome driver.
INFO main IntellicusAutomation - Suite initialized successfully.
INFO main IntellicusAutomation - Failed to Release object.
INFO main IntellicusAutomation - Initiate driver.
INFO main IntellicusAutomation - str_BrowserType  CHROME
INFO main IntellicusAutomation - Initiate Chrome driver.
INFO main IntellicusAutomation - Suite initialized successfully.
INFO main IntellicusAutomation - Failed to Release object.
INFO main IntellicusAutomation - Initiate driver.
INFO main IntellicusAutomation - str_BrowserType  CHROME
INFO main IntellicusAutomation - Initiate Chrome driver.
INFO main IntellicusAutomation - Suite initialized successfully.
INFO main IntellicusAutomation - Failed to Release object.
INFO main IntellicusAutomation - Initiate driver.
INFO main IntellicusAutomation - str_BrowserType  CHROME
INFO main IntellicusAutomation - Initiate Chrome driver.
INFO main IntellicusAutomation - Suite initialized successfully.
INFO main IntellicusAutomation - Failed to Release object.
INFO main IntellicusAutomation - Initiate driver.
INFO main IntellicusAutomation - str_BrowserType  CHROME
INFO main IntellicusAutomation - Initiate Chrome driver.
INFO main IntellicusAutomation - Suite initialized successfully.
INFO main IntellicusAutomation - Failed to Release object.
INFO main IntellicusAutomation - Initiate driver.
INFO main IntellicusAutomation - str_BrowserType  CHROME
INFO main IntellicusAutomation - Initiate Chrome driver.
INFO main IntellicusAutomation - Suite initialized successfully.
INFO main IntellicusAutomation - Failed to Release object.
INFO main IntellicusAutomation - Initiate driver.
INFO main IntellicusAutomation - str_BrowserType  CHROME
INFO main IntellicusAutomation - Initiate Chrome driver.
INFO main IntellicusAutomation - Suite initialized successfully.
INFO main IntellicusAutomation - Failed to Release object.
INFO main IntellicusAutomation - Initiate driver.
INFO main IntellicusAutomation - str_BrowserType  CHROME
INFO main IntellicusAutomation - Initiate Chrome driver.
INFO main IntellicusAutomation - Suite initialized successfully.
INFO main IntellicusAutomation - Failed to Release object.
INFO main IntellicusAutomation - Initiate driver.
INFO main IntellicusAutomation - str_BrowserType  CHROME
INFO main IntellicusAutomation - Initiate Chrome driver.
INFO main IntellicusAutomation - Suite initialized successfully.
INFO main IntellicusAutomation - Initiate driver.
INFO main IntellicusAutomation - str_BrowserType  CHROME
INFO main IntellicusAutomation - Initiate Chrome driver.
INFO main IntellicusAutomation - Suite initialized successfully.
INFO main IntellicusAutomation - Failed to Release object.
INFO main IntellicusAutomation - Initiate driver.
INFO main IntellicusAutomation - str_BrowserType  FIREFOX
INFO main IntellicusAutomation - Initiate Firefox driver.
INFO main IntellicusAutomation - Suite initialized successfully.
INFO main IntellicusAutomation - Initiate driver.
INFO main IntellicusAutomation - str_BrowserType  FIREFOX
INFO main IntellicusAutomation - Initiate Firefox driver.
INFO main IntellicusAutomation - Initiate driver.
INFO main IntellicusAutomation - str_BrowserType  FIREFOX
INFO main IntellicusAutomation - Initiate Firefox driver.
INFO main IntellicusAutomation - Initiate driver.
INFO main IntellicusAutomation - str_BrowserType  FIREFOX
INFO main IntellicusAutomation - Initiate Firefox driver.
INFO main IntellicusAutomation - Initiate driver.
INFO main IntellicusAutomation - str_BrowserType  FIREFOX
INFO main IntellicusAutomation - Initiate Firefox driver.
INFO main IntellicusAutomation - Failed to initiate the suite.
INFO main IntellicusAutomation - Initiate driver.
INFO main IntellicusAutomation - str_BrowserType  FIREFOX
INFO main IntellicusAutomation - Initiate Firefox driver.
INFO main IntellicusAutomation - Initiate driver.
INFO main IntellicusAutomation - str_BrowserType  FIREFOX
INFO main IntellicusAutomation - Initiate Firefox driver.
INFO main IntellicusAutomation - Initiate driver.
INFO main IntellicusAutomation - str_BrowserType  FIREFOX
INFO main IntellicusAutomation - Initiate Firefox driver.
INFO main IntellicusAutomation - Initiate driver.
INFO main IntellicusAutomation - str_BrowserType  FIREFOX
INFO main IntellicusAutomation - Initiate Firefox driver.
INFO main IntellicusAutomation - Initiate driver.
INFO main IntellicusAutomation - str_BrowserType  FIREFOX
INFO main IntellicusAutomation - Initiate Firefox driver.
INFO main IntellicusAutomation - Initiate driver.
INFO main IntellicusAutomation - str_BrowserType  FIREFOX
INFO main IntellicusAutomation - Initiate Firefox driver.
INFO main IntellicusAutomation - Failed to initiate the suite.
INFO main IntellicusAutomation - Initiate driver.
INFO main IntellicusAutomation - str_BrowserType  FIREFOX
INFO main IntellicusAutomation - Initiate Firefox driver.
INFO main IntellicusAutomation - Initiate driver.
INFO main IntellicusAutomation - str_BrowserType  FIREFOX
INFO main IntellicusAutomation - Initiate Firefox driver.
INFO main IntellicusAutomation - Initiate driver.
INFO main IntellicusAutomation - str_BrowserType  FIREFOX
INFO main IntellicusAutomation - Initiate Firefox driver.
INFO main IntellicusAutomation - Initiate driver.
INFO main IntellicusAutomation - str_BrowserType  FIREFOX
INFO main IntellicusAutomation - Initiate Firefox driver.
INFO main IntellicusAutomation - Initiate driver.
INFO main IntellicusAutomation - str_BrowserType  FIREFOX
INFO main IntellicusAutomation - Initiate Firefox driver.
INFO main IntellicusAutomation - Initiate driver.
INFO main IntellicusAutomation - str_BrowserType  FIREFOX
INFO main IntellicusAutomation - Initiate Firefox driver.
INFO main IntellicusAutomation - Initiate driver.
INFO main IntellicusAutomation - str_BrowserType  FIREFOX
INFO main IntellicusAutomation - Initiate Firefox driver.
INFO main IntellicusAutomation - Initiate driver.
INFO main IntellicusAutomation - str_BrowserType  FIREFOX
INFO main IntellicusAutomation - Initiate Firefox driver.
INFO main IntellicusAutomation - Initiate driver.
INFO main IntellicusAutomation - str_BrowserType  FIREFOX
INFO main IntellicusAutomation - Initiate Firefox driver.
INFO main IntellicusAutomation - Initiate driver.
INFO main IntellicusAutomation - str_BrowserType  FIREFOX
INFO main IntellicusAutomation - Initiate Firefox driver.
INFO main IntellicusAutomation - Failed to initiate the suite.
INFO main IntellicusAutomation - Initiate driver.
INFO main IntellicusAutomation - str_BrowserType  FIREFOX
INFO main IntellicusAutomation - Initiate Firefox driver.
INFO main IntellicusAutomation - Failed to Release object.
INFO main IntellicusAutomation - Initiate driver.
INFO main IntellicusAutomation - str_BrowserType  FIREFOX
INFO main IntellicusAutomation - Initiate Firefox driver.
INFO main IntellicusAutomation - Suite initialized successfully.
INFO main IntellicusAutomation - Initiate driver.
INFO main IntellicusAutomation - str_BrowserType  FIREFOX
INFO main IntellicusAutomation - Initiate Firefox driver.
INFO main IntellicusAutomation - Initiate driver.
INFO main IntellicusAutomation - str_BrowserType  FIREFOX
INFO main IntellicusAutomation - Initiate Firefox driver.
INFO main IntellicusAutomation - Initiate driver.
INFO main IntellicusAutomation - str_BrowserType  FIREFOX
INFO main IntellicusAutomation - Initiate Firefox driver.
INFO main IntellicusAutomation - Initiate driver.
INFO main IntellicusAutomation - str_BrowserType  FIREFOX
INFO main IntellicusAutomation - Initiate Firefox driver.
INFO main IntellicusAutomation - Initiate driver.
INFO main IntellicusAutomation - str_BrowserType  FIREFOX
INFO main IntellicusAutomation - Initiate Firefox driver.
INFO main IntellicusAutomation - Initiate driver.
INFO main IntellicusAutomation - str_BrowserType  FIREFOX
INFO main IntellicusAutomation - Initiate Firefox driver.
INFO main IntellicusAutomation - Initiate driver.
INFO main IntellicusAutomation - str_BrowserType  FIREFOX
INFO main IntellicusAutomation - Initiate Firefox driver.
INFO main IntellicusAutomation - Failed to initiate the suite.
INFO main IntellicusAutomation - Initiate driver.
INFO main IntellicusAutomation - str_BrowserType  FIREFOX
INFO main IntellicusAutomation - Initiate Firefox driver.
INFO main IntellicusAutomation - Initiate driver.
INFO main IntellicusAutomation - str_BrowserType  FIREFOX
INFO main IntellicusAutomation - Initiate Firefox driver.
INFO main IntellicusAutomation - Initiate driver.
INFO main IntellicusAutomation - str_BrowserType  FIREFOX
INFO main IntellicusAutomation - Initiate Firefox driver.
INFO main IntellicusAutomation - Initiate driver.
INFO main IntellicusAutomation - str_BrowserType  FIREFOX
INFO main IntellicusAutomation - Initiate Firefox driver.
INFO main IntellicusAutomation - Failed to initiate the suite.
INFO main IntellicusAutomation - Initiate driver.
INFO main IntellicusAutomation - str_BrowserType  FIREFOX
INFO main IntellicusAutomation - Initiate Firefox driver.
INFO main IntellicusAutomation - Initiate driver.
INFO main IntellicusAutomation - str_BrowserType  FIREFOX
INFO main IntellicusAutomation - Initiate Firefox driver.
INFO main IntellicusAutomation - Initiate driver.
INFO main IntellicusAutomation - str_BrowserType  FIREFOX
INFO main IntellicusAutomation - Initiate Firefox driver.
INFO main IntellicusAutomation - Initiate driver.
INFO main IntellicusAutomation - str_BrowserType  FIREFOX
INFO main IntellicusAutomation - Initiate Firefox driver.
INFO main IntellicusAutomation - Initiate driver.
INFO main IntellicusAutomation - str_BrowserType  FIREFOX
INFO main IntellicusAutomation - Initiate Firefox driver.
INFO main IntellicusAutomation - Initiate driver.
INFO main IntellicusAutomation - str_BrowserType  FIREFOX
INFO main IntellicusAutomation - Initiate Firefox driver.
INFO main IntellicusAutomation - Initiate driver.
INFO main IntellicusAutomation - str_BrowserType  FIREFOX
INFO main IntellicusAutomation - Initiate Firefox driver.
INFO main IntellicusAutomation - Failed to Release object.
INFO main IntellicusAutomation - Initiate driver.
INFO main IntellicusAutomation - str_BrowserType  FIREFOX
INFO main IntellicusAutomation - Initiate Firefox driver.
INFO main IntellicusAutomation - Suite initialized successfully.
INFO main IntellicusAutomation - Failed to initiate the suite.
INFO main IntellicusAutomation - Initiate driver.
INFO main IntellicusAutomation - str_BrowserType  FIREFOX
INFO main IntellicusAutomation - Initiate Firefox driver.
INFO main IntellicusAutomation - Initiate driver.
INFO main IntellicusAutomation - str_BrowserType  FIREFOX
INFO main IntellicusAutomation - Initiate Firefox driver.
INFO main IntellicusAutomation - Test case RegistrationFlyinSideBar is failed. org.openqa.selenium.TimeoutException: Timed out waiting for page load.
Command duration or timeout: 30.21 seconds
Build info: version: '2.46.0', revision: '87c69e2', time: '2015-06-04 16:17:10'
System info: host: 'Hello', ip: '192.168.1.2', os.name: 'Windows 7', os.arch: 'amd64', os.version: '6.1', java.version: '1.7.0_10'
Session ID: f71295b0-1aa9-4b69-9f45-e18b599605fa
Driver info: org.openqa.selenium.firefox.FirefoxDriver
Capabilities [{platform=WINDOWS, acceptSslCerts=true, javascriptEnabled=true, cssSelectorsEnabled=true, databaseEnabled=true, browserName=firefox, handlesAlerts=true, nativeEvents=false, webStorageEnabled=true, rotatable=false, locationContextEnabled=true, applicationCacheEnabled=true, takesScreenshot=true, version=37.0.1}]
INFO main IntellicusAutomation - Initiate driver.
INFO main IntellicusAutomation - str_BrowserType  FIREFOX
INFO main IntellicusAutomation - Initiate Firefox driver.
INFO main IntellicusAutomation - Failed to initiate the suite.
INFO main IntellicusAutomation - Initiate driver.
INFO main IntellicusAutomation - str_BrowserType  FIREFOX
INFO main IntellicusAutomation - Initiate Firefox driver.
INFO main IntellicusAutomation - Initiate driver.
INFO main IntellicusAutomation - str_BrowserType  FIREFOX
INFO main IntellicusAutomation - Initiate Firefox driver.
INFO main IntellicusAutomation - Initiate driver.
INFO main IntellicusAutomation - str_BrowserType  FIREFOX
INFO main IntellicusAutomation - Initiate Firefox driver.
INFO main IntellicusAutomation - Failed to Release object.
INFO main IntellicusAutomation - Initiate driver.
INFO main IntellicusAutomation - str_BrowserType  FIREFOX
INFO main IntellicusAutomation - Initiate Firefox driver.
INFO main IntellicusAutomation - Suite initialized successfully.
INFO main IntellicusAutomation - Click on Quick Link > 1
INFO main IntellicusAutomation - Click on Quick Link > 1
INFO main IntellicusAutomation - Click on Quick Link > 1
INFO main IntellicusAutomation - Click on Quick Link > 2
INFO main IntellicusAutomation - Click on Quick Link > 2
INFO main IntellicusAutomation - Click on Quick Link > 2
INFO main IntellicusAutomation - Click on Quick Link > 3
INFO main IntellicusAutomation - Click on Quick Link > 3
INFO main IntellicusAutomation - Click on Quick Link > 3
INFO main IntellicusAutomation - Initiate driver.
INFO main IntellicusAutomation - str_BrowserType  FIREFOX
INFO main IntellicusAutomation - Initiate Firefox driver.
INFO main IntellicusAutomation - Click on Quick Link > 1
INFO main IntellicusAutomation - Click on Quick Link > 1
INFO main IntellicusAutomation - Click on Quick Link > 1
INFO main IntellicusAutomation - Click on Quick Link > 2
INFO main IntellicusAutomation - Click on Quick Link > 2
INFO main IntellicusAutomation - Click on Quick Link > 2
INFO main IntellicusAutomation - Click on Quick Link > 3
INFO main IntellicusAutomation - Click on Quick Link > 3
INFO main IntellicusAutomation - Click on Quick Link > 3
INFO main IntellicusAutomation - Initiate driver.
INFO main IntellicusAutomation - str_BrowserType  FIREFOX
INFO main IntellicusAutomation - Initiate Firefox driver.
INFO main IntellicusAutomation - Failed to initiate the suite.
INFO main IntellicusAutomation - Click on Quick Link > 1
INFO main IntellicusAutomation - Click on Quick Link > 1
INFO main IntellicusAutomation - Click on Quick Link > 1
INFO main IntellicusAutomation - Click on Quick Link > 2
INFO main IntellicusAutomation - Click on Quick Link > 2
INFO main IntellicusAutomation - Click on Quick Link > 2
INFO main IntellicusAutomation - Click on Quick Link > 3
INFO main IntellicusAutomation - Click on Quick Link > 3
INFO main IntellicusAutomation - Click on Quick Link > 3
INFO main IntellicusAutomation - Initiate driver.
INFO main IntellicusAutomation - str_BrowserType  FIREFOX
INFO main IntellicusAutomation - Initiate Firefox driver.
INFO main IntellicusAutomation - Click on Quick Link > 1
INFO main IntellicusAutomation - Click on Quick Link > 1
INFO main IntellicusAutomation - Click on Quick Link > 1
INFO main IntellicusAutomation - Click on Quick Link > 2
INFO main IntellicusAutomation - Click on Quick Link > 2
INFO main IntellicusAutomation - Click on Quick Link > 2
INFO main IntellicusAutomation - Click on Quick Link > 3
INFO main IntellicusAutomation - Click on Quick Link > 3
INFO main IntellicusAutomation - Click on Quick Link > 3
INFO main IntellicusAutomation - Initiate driver.
INFO main IntellicusAutomation - str_BrowserType  FIREFOX
INFO main IntellicusAutomation - Initiate Firefox driver.
INFO main IntellicusAutomation - Initiate driver.
INFO main IntellicusAutomation - str_BrowserType  FIREFOX
INFO main IntellicusAutomation - Initiate Firefox driver.
INFO main IntellicusAutomation - Initiate driver.
INFO main IntellicusAutomation - str_BrowserType  FIREFOX
INFO main IntellicusAutomation - Initiate Firefox driver.
INFO main IntellicusAutomation - Click on Quick Link > 1
INFO main IntellicusAutomation - Click on Quick Link > 1
INFO main IntellicusAutomation - Click on Quick Link > 1
INFO main IntellicusAutomation - Click on Quick Link > 1
INFO main IntellicusAutomation - Click on Quick Link > 1
INFO main IntellicusAutomation - Click on Quick Link > 1
INFO main IntellicusAutomation - Click on Quick Link > 1
INFO main IntellicusAutomation - Click on Quick Link > 2
INFO main IntellicusAutomation - Click on Quick Link > 2
INFO main IntellicusAutomation - Click on Quick Link > 2
INFO main IntellicusAutomation - Click on Quick Link > 2
INFO main IntellicusAutomation - Click on Quick Link > 2
INFO main IntellicusAutomation - Click on Quick Link > 2
INFO main IntellicusAutomation - Click on Quick Link > 2
INFO main IntellicusAutomation - Click on Quick Link > 3
INFO main IntellicusAutomation - Click on Quick Link > 3
INFO main IntellicusAutomation - Click on Quick Link > 3
INFO main IntellicusAutomation - Click on Quick Link > 3
INFO main IntellicusAutomation - Click on Quick Link > 3
INFO main IntellicusAutomation - Click on Quick Link > 3
INFO main IntellicusAutomation - Click on Quick Link > 3
INFO main IntellicusAutomation - Initiate driver.
INFO main IntellicusAutomation - str_BrowserType  FIREFOX
INFO main IntellicusAutomation - Initiate Firefox driver.
INFO main IntellicusAutomation - Initiate driver.
INFO main IntellicusAutomation - str_BrowserType  FIREFOX
INFO main IntellicusAutomation - Initiate Firefox driver.
INFO main IntellicusAutomation - Initiate driver.
INFO main IntellicusAutomation - str_BrowserType  FIREFOX
INFO main IntellicusAutomation - Initiate Firefox driver.
INFO main IntellicusAutomation - Initiate driver.
INFO main IntellicusAutomation - str_BrowserType  FIREFOX
INFO main IntellicusAutomation - Initiate Firefox driver.
INFO main IntellicusAutomation - Initiate driver.
INFO main IntellicusAutomation - str_BrowserType  FIREFOX
INFO main IntellicusAutomation - Initiate Firefox driver.
INFO main IntellicusAutomation - Initiate driver.
INFO main IntellicusAutomation - str_BrowserType  FIREFOX
INFO main IntellicusAutomation - Initiate Firefox driver.
INFO main IntellicusAutomation - Initiate driver.
INFO main IntellicusAutomation - str_BrowserType  FIREFOX
INFO main IntellicusAutomation - Initiate Firefox driver.
INFO main IntellicusAutomation - Initiate driver.
INFO main IntellicusAutomation - str_BrowserType  FIREFOX
INFO main IntellicusAutomation - Initiate Firefox driver.
INFO main IntellicusAutomation - Initiate driver.
INFO main IntellicusAutomation - str_BrowserType  FIREFOX
INFO main IntellicusAutomation - Initiate Firefox driver.
INFO main IntellicusAutomation - Initiate driver.
INFO main IntellicusAutomation - str_BrowserType  FIREFOX
INFO main IntellicusAutomation - Initiate Firefox driver.
INFO main IntellicusAutomation - Initiate driver.
INFO main IntellicusAutomation - str_BrowserType  FIREFOX
INFO main IntellicusAutomation - Initiate Firefox driver.
INFO main IntellicusAutomation - Failed to initiate the suite.
INFO main IntellicusAutomation - Initiate driver.
INFO main IntellicusAutomation - str_BrowserType  FIREFOX
INFO main IntellicusAutomation - Initiate Firefox driver.
INFO main IntellicusAutomation - Failed to Release object.
